<?xml version="1.0" encoding="UTF-8"?>
<testng-results ignored="0" total="1" passed="1" failed="0" skipped="0">
  <reporter-output>
  </reporter-output>
  <suite started-at="2022-08-07T20:49:52 ICT" name="Default suite" finished-at="2022-08-07T20:49:56 ICT" duration-ms="4039">
    <groups>
    </groups>
    <test started-at="2022-08-07T20:49:52 ICT" name="Default test" finished-at="2022-08-07T20:49:56 ICT" duration-ms="4039">
      <class name="tugas4.test.SauceDemo">
        <test-method is-config="true" signature="setUp()[pri:0, instance:tugas4.test.SauceDemo@5677323c]" started-at="2022-08-07T20:49:52 ICT" name="setUp" finished-at="2022-08-07T20:49:55 ICT" duration-ms="2575" status="PASS">
          <reporter-output>
          </reporter-output>
        </test-method> <!-- setUp -->
        <test-method signature="checkoutTest()[pri:0, instance:tugas4.test.SauceDemo@5677323c]" started-at="2022-08-07T20:49:55 ICT" name="checkoutTest" finished-at="2022-08-07T20:49:56 ICT" duration-ms="828" status="PASS">
          <reporter-output>
          </reporter-output>
        </test-method> <!-- checkoutTest -->
        <test-method is-config="true" signature="tearDown()[pri:0, instance:tugas4.test.SauceDemo@5677323c]" started-at="2022-08-07T20:49:56 ICT" name="tearDown" finished-at="2022-08-07T20:49:56 ICT" duration-ms="611" status="PASS">
          <reporter-output>
          </reporter-output>
        </test-method> <!-- tearDown -->
      </class> <!-- tugas4.test.SauceDemo -->
    </test> <!-- Default test -->
  </suite> <!-- Default suite -->
</testng-results>
